2025-08-06 14:28:37,418 - INFO - Iniciando mapeo de fichas...
2025-08-06 14:28:37,418 - INFO - Inicializando WebDriver...
2025-08-06 14:28:38,956 - INFO - WebDriver inicializado correctamente
2025-08-06 14:28:44,490 - INFO - Cambiado exitosamente al iframe: registradoBox1
2025-08-06 14:28:44,641 - INFO - Texto '1050962935' enviado a: /html/body/form/div/div/div/div[2]/input
2025-08-06 14:28:44,829 - INFO - Texto 'PapaJose92805331050*' enviado a: /html/body/form/div/div/div/div[3]/input
2025-08-06 14:28:49,888 - INFO - Intento 1/3: Clic en '/html/body/form/div/div/div/div[7]/input' usando XPATH
2025-08-06 14:28:53,068 - INFO - Clic exitoso en: '/html/body/form/div/div/div/div[7]/input'
2025-08-06 14:29:28,077 - WARNING - Driver no está activo, necesita reinicialización
2025-08-06 14:29:28,078 - INFO - Inicializando WebDriver...
2025-08-06 14:29:29,437 - INFO - WebDriver inicializado correctamente
2025-08-06 14:29:38,215 - ERROR - Error seleccionando en dropdown //*[@id="seleccionRol:roles"]: 'NoneType' object has no attribute 'is_displayed'
2025-08-06 14:29:38,215 - ERROR - Error en operación (intento 1): Error seleccionando rol
2025-08-06 14:29:38,216 - INFO - Reiniciando driver para recuperación...
2025-08-06 14:29:38,216 - INFO - Reiniciando WebDriver...
2025-08-06 14:29:40,665 - INFO - WebDriver cerrado correctamente
2025-08-06 14:29:46,175 - INFO - WebDriver inicializado correctamente
2025-08-06 14:30:00,380 - WARNING - Driver no está activo, necesita reinicialización
2025-08-06 14:30:00,381 - INFO - Inicializando WebDriver...
2025-08-06 14:30:05,450 - INFO - WebDriver inicializado correctamente
2025-08-06 14:30:05,450 - ERROR - Error en mapeo de fichas: generator didn't stop after throw()
2025-08-06 14:35:44,681 - INFO - Iniciando mapeo de fichas...
2025-08-06 14:35:44,681 - INFO - Inicializando WebDriver...
2025-08-06 14:35:46,073 - INFO - WebDriver inicializado correctamente
2025-08-06 14:35:51,323 - INFO - Cambiado exitosamente al iframe: registradoBox1
2025-08-06 14:35:51,470 - INFO - Texto '1050962935' enviado a: /html/body/form/div/div/div/div[2]/input
2025-08-06 14:35:51,641 - INFO - Texto 'PapaJose92805331050*' enviado a: /html/body/form/div/div/div/div[3]/input
2025-08-06 14:35:56,670 - INFO - Intento 1/3: Clic en '/html/body/form/div/div/div/div[7]/input' usando XPATH
2025-08-06 14:35:59,582 - INFO - Clic exitoso en: '/html/body/form/div/div/div/div[7]/input'
2025-08-06 14:36:05,224 - INFO - Valor 'Gestión Desarrollo Curricular' seleccionado en: //*[@id="seleccionRol:roles"]
2025-08-06 14:36:10,272 - INFO - Intento 1/3: Clic en '/html/body[1]/div[1]/div[1]/nav/div[2]/div/div/form[2]/ul/li[6]/a' usando XPATH
2025-08-06 14:36:10,865 - INFO - Clic exitoso en: '/html/body[1]/div[1]/div[1]/nav/div[2]/div/div/form[2]/ul/li[6]/a'
2025-08-06 14:36:17,892 - INFO - Intento 1/3: Clic en '/html/body[1]/div[1]/div[1]/nav/div[2]/div/div/form[2]/ul/li[6]/ul/li[1]/a' usando XPATH
2025-08-06 14:36:18,479 - INFO - Clic exitoso en: '/html/body[1]/div[1]/div[1]/nav/div[2]/div/div/form[2]/ul/li[6]/ul/li[1]/a'
2025-08-06 14:36:25,564 - INFO - Intento 1/3: Clic en '/html/body[1]/div[1]/div[1]/nav/div[2]/div/div/form[2]/ul/li[6]/ul/li[1]/ul/li[3]/a' usando XPATH
2025-08-06 14:36:26,151 - INFO - Clic exitoso en: '/html/body[1]/div[1]/div[1]/nav/div[2]/div/div/form[2]/ul/li[6]/ul/li[1]/ul/li[3]/a'
2025-08-06 14:36:33,218 - INFO - Intento 1/3: Clic en '/html/body[1]/div[1]/div[1]/nav/div[2]/div/div/form[2]/ul/li[6]/ul/li[1]/ul/li[3]/ul/li[4]/a' usando XPATH
2025-08-06 14:36:33,824 - INFO - Clic exitoso en: '/html/body[1]/div[1]/div[1]/nav/div[2]/div/div/form[2]/ul/li[6]/ul/li[1]/ul/li[3]/ul/li[4]/a'
2025-08-06 14:36:36,791 - INFO - Cambiado exitosamente al iframe: contenido
2025-08-06 14:36:46,926 - INFO - Intento 1/3: Clic en 'frmForma1:cmdlnkShow145' usando ID
2025-08-06 14:36:47,556 - INFO - Clic exitoso en: 'frmForma1:cmdlnkShow145'
2025-08-06 14:36:58,654 - ERROR - Error al cambiar al iframe modalDialogContentviewDialog2: Message: 

2025-08-06 14:36:58,654 - ERROR - Error en operación (intento 1): No se pudo acceder al iframe del modal
2025-08-06 14:36:58,655 - INFO - Reiniciando driver para recuperación...
2025-08-06 14:36:58,655 - INFO - Reiniciando WebDriver...
2025-08-06 14:37:00,843 - INFO - WebDriver cerrado correctamente
2025-08-06 14:37:02,079 - INFO - WebDriver inicializado correctamente
2025-08-06 14:37:08,187 - ERROR - Error en mapeo de fichas: generator didn't stop after throw()
2025-08-06 14:38:00,231 - INFO - Iniciando mapeo de fichas...
2025-08-06 14:38:00,231 - INFO - Inicializando WebDriver...
2025-08-06 14:38:03,065 - INFO - WebDriver inicializado correctamente
2025-08-06 14:38:08,566 - INFO - Cambiado exitosamente al iframe: registradoBox1
2025-08-06 14:38:08,716 - INFO - Texto '1050962935' enviado a: /html/body/form/div/div/div/div[2]/input
2025-08-06 14:38:08,889 - INFO - Texto 'PapaJose92805331050*' enviado a: /html/body/form/div/div/div/div[3]/input
2025-08-06 14:38:13,959 - INFO - Intento 1/3: Clic en '/html/body/form/div/div/div/div[7]/input' usando XPATH
2025-08-06 14:38:18,965 - INFO - Clic exitoso en: '/html/body/form/div/div/div/div[7]/input'
2025-08-06 14:38:40,057 - ERROR - Error al cambiar a default content: Message: no such window: target window already closed
from unknown error: web view not found
  (Session info: chrome=103.0.5046.0)
Stacktrace:
Backtrace:
	Ordinal0 [0x00666903+2844931]
	Ordinal0 [0x00544271+1655409]
	Ordinal0 [0x003D013A+131386]
	Ordinal0 [0x003BA68D+42637]
	Ordinal0 [0x0040EFF6+389110]
	Ordinal0 [0x00419CEA+433386]
	Ordinal0 [0x0040C2E6+377574]
	Ordinal0 [0x003EF2CB+258763]
	Ordinal0 [0x003F00B6+262326]
	Ordinal0 [0x0066A9B5+2861493]
	GetHandleVerifier [0x007E56CD+1448573]
	GetHandleVerifier [0x007E531A+1447626]
	GetHandleVerifier [0x007F0E46+1495542]
	GetHandleVerifier [0x007E5E74+1450532]
	Ordinal0 [0x00556F3B+1732411]
	Ordinal0 [0x00563058+1781848]
	Ordinal0 [0x005631FE+1782270]
	Ordinal0 [0x00576132+1859890]
	BaseThreadInitThunk [0x74E05D49+25]
	RtlInitializeExceptionChain [0x76F0D1AB+107]
	RtlGetAppContainerNamedObjectPath [0x76F0D131+561]

2025-08-06 14:38:40,065 - WARNING - Driver no está activo, necesita reinicialización
2025-08-06 14:38:40,066 - INFO - Inicializando WebDriver...
2025-08-06 14:38:42,838 - INFO - WebDriver inicializado correctamente
2025-08-06 14:38:44,999 - ERROR - Error seleccionando en dropdown //*[@id="seleccionRol:roles"]: 'NoneType' object has no attribute 'is_displayed'
2025-08-06 14:38:45,000 - ERROR - Error en operación (intento 1): Error seleccionando rol
2025-08-06 14:38:45,000 - INFO - Reiniciando driver para recuperación...
2025-08-06 14:38:45,000 - INFO - Reiniciando WebDriver...
2025-08-06 14:38:47,140 - INFO - WebDriver cerrado correctamente
2025-08-06 14:38:54,094 - INFO - WebDriver inicializado correctamente
2025-08-06 14:38:56,102 - ERROR - Error en mapeo de fichas: generator didn't stop after throw()
2025-08-06 14:38:56,304 - INFO - Iniciando mapeo de fichas...
2025-08-06 14:38:56,305 - INFO - Inicializando WebDriver...
2025-08-06 14:38:57,534 - INFO - WebDriver inicializado correctamente
2025-08-06 14:39:03,591 - INFO - Cambiado exitosamente al iframe: registradoBox1
2025-08-06 14:39:03,735 - INFO - Texto '1050962935' enviado a: /html/body/form/div/div/div/div[2]/input
2025-08-06 14:39:03,908 - INFO - Texto 'PapaJose92805331050*' enviado a: /html/body/form/div/div/div/div[3]/input
2025-08-06 14:39:08,972 - INFO - Intento 1/3: Clic en '/html/body/form/div/div/div/div[7]/input' usando XPATH
2025-08-06 14:39:09,783 - INFO - Iniciando mapeo de fichas...
2025-08-06 14:39:09,784 - INFO - Inicializando WebDriver...
2025-08-06 14:39:10,997 - INFO - WebDriver inicializado correctamente
2025-08-06 14:39:13,837 - INFO - Clic exitoso en: '/html/body/form/div/div/div/div[7]/input'
2025-08-06 14:39:16,757 - INFO - Cambiado exitosamente al iframe: registradoBox1
2025-08-06 14:39:16,910 - INFO - Texto '1050962935' enviado a: /html/body/form/div/div/div/div[2]/input
2025-08-06 14:39:17,080 - INFO - Texto 'PapaJose92805331050*' enviado a: /html/body/form/div/div/div/div[3]/input
2025-08-06 14:39:22,126 - INFO - Intento 1/3: Clic en '/html/body/form/div/div/div/div[7]/input' usando XPATH
2025-08-06 14:39:24,433 - INFO - Clic exitoso en: '/html/body/form/div/div/div/div[7]/input'
2025-08-06 14:39:40,504 - ERROR - Error al cambiar a default content: Message: no such window: target window already closed
from unknown error: web view not found
  (Session info: chrome=103.0.5046.0)
Stacktrace:
Backtrace:
	Ordinal0 [0x00666903+2844931]
	Ordinal0 [0x00544271+1655409]
	Ordinal0 [0x003D013A+131386]
	Ordinal0 [0x003BA68D+42637]
	Ordinal0 [0x0040EFF6+389110]
	Ordinal0 [0x00419CEA+433386]
	Ordinal0 [0x0040C2E6+377574]
	Ordinal0 [0x003EF2CB+258763]
	Ordinal0 [0x003F00B6+262326]
	Ordinal0 [0x0066A9B5+2861493]
	GetHandleVerifier [0x007E56CD+1448573]
	GetHandleVerifier [0x007E531A+1447626]
	GetHandleVerifier [0x007F0E46+1495542]
	GetHandleVerifier [0x007E5E74+1450532]
	Ordinal0 [0x00556F3B+1732411]
	Ordinal0 [0x00563058+1781848]
	Ordinal0 [0x005631FE+1782270]
	Ordinal0 [0x00576132+1859890]
	BaseThreadInitThunk [0x74E05D49+25]
	RtlInitializeExceptionChain [0x76F0D1AB+107]
	RtlGetAppContainerNamedObjectPath [0x76F0D131+561]

2025-08-06 14:39:40,506 - WARNING - Driver no está activo, necesita reinicialización
2025-08-06 14:39:40,506 - INFO - Inicializando WebDriver...
2025-08-06 14:39:41,033 - ERROR - Error al cambiar a default content: Message: no such window: target window already closed
from unknown error: web view not found
  (Session info: chrome=103.0.5046.0)
Stacktrace:
Backtrace:
	Ordinal0 [0x00666903+2844931]
	Ordinal0 [0x00544271+1655409]
	Ordinal0 [0x003D013A+131386]
	Ordinal0 [0x003BA68D+42637]
	Ordinal0 [0x0040EFF6+389110]
	Ordinal0 [0x00419CEA+433386]
	Ordinal0 [0x0040C2E6+377574]
	Ordinal0 [0x003EF2CB+258763]
	Ordinal0 [0x003F00B6+262326]
	Ordinal0 [0x0066A9B5+2861493]
	GetHandleVerifier [0x007E56CD+1448573]
	GetHandleVerifier [0x007E531A+1447626]
	GetHandleVerifier [0x007F0E46+1495542]
	GetHandleVerifier [0x007E5E74+1450532]
	Ordinal0 [0x00556F3B+1732411]
	Ordinal0 [0x00563058+1781848]
	Ordinal0 [0x005631FE+1782270]
	Ordinal0 [0x00576132+1859890]
	BaseThreadInitThunk [0x74E05D49+25]
	RtlInitializeExceptionChain [0x76F0D1AB+107]
	RtlGetAppContainerNamedObjectPath [0x76F0D131+561]

2025-08-06 14:39:41,035 - WARNING - Driver no está activo, necesita reinicialización
2025-08-06 14:39:41,035 - INFO - Inicializando WebDriver...
2025-08-06 14:39:41,845 - INFO - WebDriver inicializado correctamente
2025-08-06 14:39:44,131 - INFO - WebDriver inicializado correctamente
2025-08-06 14:39:46,257 - ERROR - Error seleccionando en dropdown //*[@id="seleccionRol:roles"]: 'NoneType' object has no attribute 'is_displayed'
2025-08-06 14:39:46,258 - ERROR - Error en operación (intento 1): Error seleccionando rol
2025-08-06 14:39:46,258 - INFO - Reiniciando driver para recuperación...
2025-08-06 14:39:46,258 - INFO - Reiniciando WebDriver...
2025-08-06 14:39:47,393 - ERROR - Error seleccionando en dropdown //*[@id="seleccionRol:roles"]: 'NoneType' object has no attribute 'is_displayed'
2025-08-06 14:39:47,393 - ERROR - Error en operación (intento 1): Error seleccionando rol
2025-08-06 14:39:47,395 - INFO - Reiniciando driver para recuperación...
2025-08-06 14:39:47,395 - INFO - Reiniciando WebDriver...
2025-08-06 14:39:48,411 - INFO - WebDriver cerrado correctamente
2025-08-06 14:39:49,565 - INFO - WebDriver cerrado correctamente
2025-08-06 14:39:53,693 - INFO - WebDriver inicializado correctamente
2025-08-06 14:39:56,511 - ERROR - Error en mapeo de fichas: generator didn't stop after throw()
2025-08-06 14:39:56,677 - INFO - WebDriver inicializado correctamente
2025-08-06 14:39:58,684 - ERROR - Error en mapeo de fichas: generator didn't stop after throw()
2025-08-06 14:39:58,886 - INFO - Iniciando mapeo de fichas...
2025-08-06 14:39:58,886 - INFO - Inicializando WebDriver...
2025-08-06 14:40:01,693 - INFO - WebDriver inicializado correctamente
2025-08-06 14:40:06,947 - INFO - Cambiado exitosamente al iframe: registradoBox1
2025-08-06 14:40:07,094 - INFO - Texto '1050962935' enviado a: /html/body/form/div/div/div/div[2]/input
2025-08-06 14:40:07,276 - INFO - Texto 'PapaJose92805331050*' enviado a: /html/body/form/div/div/div/div[3]/input
2025-08-06 14:40:12,356 - INFO - Intento 1/3: Clic en '/html/body/form/div/div/div/div[7]/input' usando XPATH
2025-08-06 14:40:16,422 - INFO - Clic exitoso en: '/html/body/form/div/div/div/div[7]/input'
2025-08-06 14:40:33,615 - WARNING - Driver no está activo, necesita reinicialización
2025-08-06 14:40:33,615 - INFO - Inicializando WebDriver...
2025-08-06 14:40:36,429 - INFO - WebDriver inicializado correctamente
2025-08-06 14:40:40,983 - WARNING - Driver no está activo, necesita reinicialización
2025-08-06 14:40:40,983 - INFO - Inicializando WebDriver...
2025-08-06 14:40:44,220 - INFO - WebDriver inicializado correctamente
2025-08-06 14:40:56,381 - ERROR - Error seleccionando en dropdown //*[@id="seleccionRol:roles"]: Message: chrome not reachable
  (Session info: chrome=103.0.5046.0)
Stacktrace:
Backtrace:
	Ordinal0 [0x00666903+2844931]
	Ordinal0 [0x00544271+1655409]
	Ordinal0 [0x003D0006+131078]
	Ordinal0 [0x003C5824+88100]
	Ordinal0 [0x003C6028+90152]
	Ordinal0 [0x003C71A2+94626]
	Ordinal0 [0x003C13AD+70573]
	Ordinal0 [0x003D13DE+136158]
	Ordinal0 [0x00419D44+433476]
	Ordinal0 [0x0040C2E6+377574]
	Ordinal0 [0x003EF2CB+258763]
	Ordinal0 [0x003F00B6+262326]
	Ordinal0 [0x0066A9B5+2861493]
	GetHandleVerifier [0x007E56CD+1448573]
	GetHandleVerifier [0x007E531A+1447626]
	GetHandleVerifier [0x007F0E46+1495542]
	GetHandleVerifier [0x007E5E74+1450532]
	Ordinal0 [0x00556F3B+1732411]
	Ordinal0 [0x00563058+1781848]
	Ordinal0 [0x005631FE+1782270]
	Ordinal0 [0x00576132+1859890]
	BaseThreadInitThunk [0x74E05D49+25]
	RtlInitializeExceptionChain [0x76F0D1AB+107]
	RtlGetAppContainerNamedObjectPath [0x76F0D131+561]

2025-08-06 14:40:56,382 - ERROR - Error en operación (intento 1): Error seleccionando rol
2025-08-06 14:40:56,382 - INFO - Reiniciando driver para recuperación...
2025-08-06 14:40:56,383 - INFO - Reiniciando WebDriver...
2025-08-06 14:40:58,438 - INFO - WebDriver cerrado correctamente
2025-08-06 14:41:05,351 - INFO - WebDriver inicializado correctamente
2025-08-06 14:41:19,574 - WARNING - Driver no está activo, necesita reinicialización
2025-08-06 14:41:19,574 - INFO - Inicializando WebDriver...
2025-08-06 14:41:22,886 - INFO - WebDriver inicializado correctamente
2025-08-06 14:41:22,887 - ERROR - Error en mapeo de fichas: generator didn't stop after throw()
2025-08-06 14:43:28,062 - INFO - Iniciando mapeo de fichas...
2025-08-06 14:43:44,474 - ERROR - Error en mapeo de fichas: generator didn't stop after throw()
2025-08-06 14:43:44,984 - INFO - Iniciando mapeo de fichas...
2025-08-06 14:44:05,258 - WARNING - Retrying (Retry(total=2, connect=None, read=None, redirect=None, status=None)) after connection broken by 'NewConnectionError('<urllib3.connection.HTTPConnection object at 0x0000025DA4D7F590>: Failed to establish a new connection: [WinError 10061] No se puede establecer una conexión ya que el equipo de destino denegó expresamente dicha conexión')': /session/8a566512837badf430f12c411f0c578f/url
2025-08-06 14:44:09,343 - WARNING - Retrying (Retry(total=1, connect=None, read=None, redirect=None, status=None)) after connection broken by 'NewConnectionError('<urllib3.connection.HTTPConnection object at 0x0000025DA4B67230>: Failed to establish a new connection: [WinError 10061] No se puede establecer una conexión ya que el equipo de destino denegó expresamente dicha conexión')': /session/8a566512837badf430f12c411f0c578f/url
2025-08-06 14:44:13,442 - WARNING - Retrying (Retry(total=0, connect=None, read=None, redirect=None, status=None)) after connection broken by 'NewConnectionError('<urllib3.connection.HTTPConnection object at 0x0000025DA5863E30>: Failed to establish a new connection: [WinError 10061] No se puede establecer una conexión ya que el equipo de destino denegó expresamente dicha conexión')': /session/8a566512837badf430f12c411f0c578f/url
2025-08-06 14:44:18,876 - ERROR - Error en mapeo de fichas: generator didn't stop after throw()
2025-08-06 14:45:34,163 - INFO - Iniciando mapeo de fichas...
2025-08-06 14:45:34,163 - INFO - Inicializando WebDriver...
2025-08-06 14:45:36,926 - INFO - WebDriver inicializado correctamente
2025-08-06 14:45:47,586 - INFO - Cambiado exitosamente al iframe: registradoBox1
2025-08-06 14:45:47,720 - INFO - Texto '1050962935' enviado a: /html/body/form/div/div/div/div[2]/input
2025-08-06 14:45:47,892 - INFO - Texto 'PapaJose92805331050*' enviado a: /html/body/form/div/div/div/div[3]/input
2025-08-06 14:45:52,920 - INFO - Intento 1/3: Clic en '/html/body/form/div/div/div/div[7]/input' usando XPATH
2025-08-06 14:46:09,966 - INFO - Clic exitoso en: '/html/body/form/div/div/div/div[7]/input'
2025-08-06 14:46:20,733 - ERROR - Error al cambiar a default content: Message: no such window: target window already closed
from unknown error: web view not found
  (Session info: chrome=103.0.5046.0)
Stacktrace:
Backtrace:
	Ordinal0 [0x00666903+2844931]
	Ordinal0 [0x00544271+1655409]
	Ordinal0 [0x003D013A+131386]
	Ordinal0 [0x003BA68D+42637]
	Ordinal0 [0x0040EFF6+389110]
	Ordinal0 [0x00419CEA+433386]
	Ordinal0 [0x0040C2E6+377574]
	Ordinal0 [0x003EF2CB+258763]
	Ordinal0 [0x003F00B6+262326]
	Ordinal0 [0x0066A9B5+2861493]
	GetHandleVerifier [0x007E56CD+1448573]
	GetHandleVerifier [0x007E531A+1447626]
	GetHandleVerifier [0x007F0E46+1495542]
	GetHandleVerifier [0x007E5E74+1450532]
	Ordinal0 [0x00556F3B+1732411]
	Ordinal0 [0x00563058+1781848]
	Ordinal0 [0x005631FE+1782270]
	Ordinal0 [0x00576132+1859890]
	BaseThreadInitThunk [0x74E05D49+25]
	RtlInitializeExceptionChain [0x76F0D1AB+107]
	RtlGetAppContainerNamedObjectPath [0x76F0D131+561]

2025-08-06 14:46:20,736 - WARNING - Driver no está activo, necesita reinicialización
2025-08-06 14:46:20,736 - INFO - Inicializando WebDriver...
2025-08-06 14:46:21,977 - INFO - WebDriver inicializado correctamente
2025-08-06 14:46:23,910 - ERROR - Error seleccionando en dropdown //*[@id="seleccionRol:roles"]: 'NoneType' object has no attribute 'is_displayed'
2025-08-06 14:46:23,911 - ERROR - Error en operación (intento 1): Error seleccionando rol
2025-08-06 14:46:23,911 - INFO - Reiniciando driver para recuperación...
2025-08-06 14:46:23,912 - INFO - Reiniciando WebDriver...
2025-08-06 14:46:26,275 - INFO - WebDriver cerrado correctamente
2025-08-06 14:46:34,284 - INFO - WebDriver inicializado correctamente
2025-08-06 14:46:40,208 - WARNING - Retrying (Retry(total=2, connect=None, read=None, redirect=None, status=None)) after connection broken by 'ConnectionResetError(10054, 'Se ha forzado la interrupción de una conexión existente por el host remoto', None, 10054, None)': /session/baa2e7d891b30f26d81a76d3d8e13574/url
2025-08-06 14:46:44,309 - WARNING - Retrying (Retry(total=1, connect=None, read=None, redirect=None, status=None)) after connection broken by 'NewConnectionError('<urllib3.connection.HTTPConnection object at 0x0000017584AFFBC0>: Failed to establish a new connection: [WinError 10061] No se puede establecer una conexión ya que el equipo de destino denegó expresamente dicha conexión')': /session/baa2e7d891b30f26d81a76d3d8e13574/url
2025-08-06 14:46:48,416 - WARNING - Retrying (Retry(total=0, connect=None, read=None, redirect=None, status=None)) after connection broken by 'NewConnectionError('<urllib3.connection.HTTPConnection object at 0x0000017584AFF3E0>: Failed to establish a new connection: [WinError 10061] No se puede establecer una conexión ya que el equipo de destino denegó expresamente dicha conexión')': /session/baa2e7d891b30f26d81a76d3d8e13574/url
2025-08-06 14:46:52,531 - WARNING - Driver no está activo, necesita reinicialización
2025-08-06 14:46:52,531 - INFO - Inicializando WebDriver...
2025-08-06 14:46:59,542 - INFO - WebDriver inicializado correctamente
2025-08-06 14:46:59,543 - ERROR - Error en mapeo de fichas: generator didn't stop after throw()
2025-08-06 14:47:01,616 - ERROR - Error terminating service process.
Traceback (most recent call last):
  File "C:\Users\Lenovo\anaconda3\envs\IDAutoSENA\Lib\site-packages\selenium\webdriver\common\service.py", line 170, in _terminate_process
    self.process.terminate()
  File "C:\Users\Lenovo\anaconda3\envs\IDAutoSENA\Lib\subprocess.py", line 1673, in terminate
    _winapi.TerminateProcess(self._handle, 1)
OSError: [WinError 6] Controlador no válido
2025-08-06 14:47:52,669 - INFO - Iniciando mapeo de fichas...
2025-08-06 14:47:52,671 - INFO - Inicializando WebDriver...
2025-08-06 14:47:53,883 - INFO - WebDriver inicializado correctamente
2025-08-06 14:47:59,533 - INFO - Cambiado exitosamente al iframe: registradoBox1
2025-08-06 14:47:59,684 - INFO - Texto '1050962935' enviado a: /html/body/form/div/div/div/div[2]/input
2025-08-06 14:47:59,863 - INFO - Texto 'PapaJose92805331050*' enviado a: /html/body/form/div/div/div/div[3]/input
2025-08-06 14:48:04,940 - INFO - Intento 1/3: Clic en '/html/body/form/div/div/div/div[7]/input' usando XPATH
2025-08-06 14:48:08,258 - INFO - Clic exitoso en: '/html/body/form/div/div/div/div[7]/input'
2025-08-06 14:48:13,908 - INFO - Valor 'Gestión Desarrollo Curricular' seleccionado en: //*[@id="seleccionRol:roles"]
2025-08-06 14:48:18,990 - INFO - Intento 1/3: Clic en '/html/body[1]/div[1]/div[1]/nav/div[2]/div/div/form[2]/ul/li[6]/a' usando XPATH
2025-08-06 14:48:19,581 - INFO - Clic exitoso en: '/html/body[1]/div[1]/div[1]/nav/div[2]/div/div/form[2]/ul/li[6]/a'
2025-08-06 14:48:26,651 - INFO - Intento 1/3: Clic en '/html/body[1]/div[1]/div[1]/nav/div[2]/div/div/form[2]/ul/li[6]/ul/li[1]/a' usando XPATH
2025-08-06 14:48:27,238 - INFO - Clic exitoso en: '/html/body[1]/div[1]/div[1]/nav/div[2]/div/div/form[2]/ul/li[6]/ul/li[1]/a'
2025-08-06 14:48:34,315 - INFO - Intento 1/3: Clic en '/html/body[1]/div[1]/div[1]/nav/div[2]/div/div/form[2]/ul/li[6]/ul/li[1]/ul/li[3]/a' usando XPATH
2025-08-06 14:48:34,909 - INFO - Clic exitoso en: '/html/body[1]/div[1]/div[1]/nav/div[2]/div/div/form[2]/ul/li[6]/ul/li[1]/ul/li[3]/a'
2025-08-06 14:48:41,992 - INFO - Intento 1/3: Clic en '/html/body[1]/div[1]/div[1]/nav/div[2]/div/div/form[2]/ul/li[6]/ul/li[1]/ul/li[3]/ul/li[4]/a' usando XPATH
2025-08-06 14:48:42,592 - INFO - Clic exitoso en: '/html/body[1]/div[1]/div[1]/nav/div[2]/div/div/form[2]/ul/li[6]/ul/li[1]/ul/li[3]/ul/li[4]/a'
2025-08-06 14:48:46,131 - INFO - Cambiado exitosamente al iframe: contenido
2025-08-06 14:48:56,272 - INFO - Intento 1/3: Clic en 'frmForma1:cmdlnkShow145' usando ID
2025-08-06 14:48:56,913 - INFO - Clic exitoso en: 'frmForma1:cmdlnkShow145'
2025-08-06 14:49:08,015 - ERROR - Error al cambiar al iframe modalDialogContentviewDialog2: Message: 

2025-08-06 14:49:08,016 - ERROR - Error en operación (intento 1): No se pudo acceder al iframe del modal
2025-08-06 14:49:08,016 - INFO - Reiniciando driver para recuperación...
2025-08-06 14:49:08,016 - INFO - Reiniciando WebDriver...
2025-08-06 14:49:10,552 - INFO - WebDriver cerrado correctamente
2025-08-06 14:49:13,428 - INFO - WebDriver inicializado correctamente
2025-08-06 14:49:16,964 - WARNING - Retrying (Retry(total=2, connect=None, read=None, redirect=None, status=None)) after connection broken by 'ConnectionResetError(10054, 'Se ha forzado la interrupción de una conexión existente por el host remoto', None, 10054, None)': /session/1e01999fcc3ea9f03fbe06eb0e07107c/url
2025-08-06 14:49:21,025 - WARNING - Retrying (Retry(total=1, connect=None, read=None, redirect=None, status=None)) after connection broken by 'NewConnectionError('<urllib3.connection.HTTPConnection object at 0x000002A91E85C140>: Failed to establish a new connection: [WinError 10061] No se puede establecer una conexión ya que el equipo de destino denegó expresamente dicha conexión')': /session/1e01999fcc3ea9f03fbe06eb0e07107c/url
2025-08-06 14:49:25,102 - WARNING - Retrying (Retry(total=0, connect=None, read=None, redirect=None, status=None)) after connection broken by 'NewConnectionError('<urllib3.connection.HTTPConnection object at 0x000002A91E85C3E0>: Failed to establish a new connection: [WinError 10061] No se puede establecer una conexión ya que el equipo de destino denegó expresamente dicha conexión')': /session/1e01999fcc3ea9f03fbe06eb0e07107c/url
2025-08-06 14:49:29,202 - WARNING - Driver no está activo, necesita reinicialización
2025-08-06 14:49:29,202 - INFO - Inicializando WebDriver...
2025-08-06 14:49:30,420 - INFO - WebDriver inicializado correctamente
2025-08-06 14:49:34,510 - ERROR - Error en mapeo de fichas: generator didn't stop after throw()
